<?xml version="1.0" encoding="UTF-8"?>
<!-- Generated by org.testng.reporters.JUnitXMLReporter -->
<testsuite ignored="22" hostname="Babu" failures="0" tests="3" name="EdgeTest" time="41.829" errors="0" timestamp="2022-06-22T17:59:59 IST">
  <testcase classname="com.obs.tests.TestLeafTest" name="verifyDragToXandY" time="5.599"/>
  <testcase classname="com.obs.tests.TestLeafTest" name="verifyRightClickOperation" time="1.343"/>
  <testcase classname="com.obs.tests.TestLeafTest" name="verifyDoubleClickOperation" time="0.17"/>
  <testcase classname="com.obs.tests.TestLeafTest" name="verifyDragAndDrop" time="0.0">
    <ignored/>
  </testcase> <!-- verifyDragAndDrop -->
  <testcase classname="com.obs.tests.TestLeafTest" name="verifySelectByIndex" time="0.0">
    <ignored/>
  </testcase> <!-- verifySelectByIndex -->
  <testcase classname="com.obs.tests.TestLeafTest" name="verifyNavigateToURL" time="0.0">
    <ignored/>
  </testcase> <!-- verifyNavigateToURL -->
  <testcase classname="com.obs.tests.TestLeafTest" name="printColumnCount" time="0.0">
    <ignored/>
  </testcase> <!-- printColumnCount -->
  <testcase classname="com.obs.tests.TestLeafTest" name="verifyNavigateBackward" time="0.0">
    <ignored/>
  </testcase> <!-- verifyNavigateBackward -->
  <testcase classname="com.obs.tests.TestLeafTest" name="verifyAlertAccept" time="0.0">
    <ignored/>
  </testcase> <!-- verifyAlertAccept -->
  <testcase classname="com.obs.tests.TestLeafTest" name="verifySwitchToFrame" time="0.0">
    <ignored/>
  </testcase> <!-- verifySwitchToFrame -->
  <testcase classname="com.obs.tests.TestLeafTest" name="verifySwitchToParentFrame" time="0.0">
    <ignored/>
  </testcase> <!-- verifySwitchToParentFrame -->
  <testcase classname="com.obs.tests.TestLeafTest" name="takeScreenshot" time="0.0">
    <ignored/>
  </testcase> <!-- takeScreenshot -->
  <testcase classname="com.obs.tests.TestLeafTest" name="printSitePageSource" time="0.0">
    <ignored/>
  </testcase> <!-- printSitePageSource -->
  <testcase classname="com.obs.tests.TestLeafTest" name="verifyWindowSwitching" time="0.0">
    <ignored/>
  </testcase> <!-- verifyWindowSwitching -->
  <testcase classname="com.obs.tests.TestLeafTest" name="verifySelectByValue" time="0.0">
    <ignored/>
  </testcase> <!-- verifySelectByValue -->
  <testcase classname="com.obs.tests.TestLeafTest" name="verifyAlertDismiss" time="0.0">
    <ignored/>
  </testcase> <!-- verifyAlertDismiss -->
  <testcase classname="com.obs.tests.TestLeafTest" name="closeTheWindow" time="0.0">
    <ignored/>
  </testcase> <!-- closeTheWindow -->
  <testcase classname="com.obs.tests.TestLeafTest" name="printFrameCount" time="0.0">
    <ignored/>
  </testcase> <!-- printFrameCount -->
  <testcase classname="com.obs.tests.TestLeafTest" name="printWindowCount" time="0.0">
    <ignored/>
  </testcase> <!-- printWindowCount -->
  <testcase classname="com.obs.tests.TestLeafTest" name="printAlertBoxContent" time="0.0">
    <ignored/>
  </testcase> <!-- printAlertBoxContent -->
  <testcase classname="com.obs.tests.TestLeafTest" name="printRowCount" time="0.0">
    <ignored/>
  </testcase> <!-- printRowCount -->
  <testcase classname="com.obs.tests.TestLeafTest" name="verifyNavigateForward" time="0.0">
    <ignored/>
  </testcase> <!-- verifyNavigateForward -->
  <testcase classname="com.obs.tests.TestLeafTest" name="getTableCellText" time="0.0">
    <ignored/>
  </testcase> <!-- getTableCellText -->
  <testcase classname="com.obs.tests.TestLeafTest" name="printSiteURL" time="0.0">
    <ignored/>
  </testcase> <!-- printSiteURL -->
  <testcase classname="com.obs.tests.TestLeafTest" name="verifySelectByVisibleText" time="0.0">
    <ignored/>
  </testcase> <!-- verifySelectByVisibleText -->
</testsuite> <!-- EdgeTest -->
