<?xml version="1.0" encoding="UTF-8"?>
<testng-results ignored="44" total="50" passed="6" failed="0" skipped="0">
  <reporter-output>
  </reporter-output>
  <suite started-at="2022-06-22T17:58:46 IST" name="Suite" finished-at="2022-06-22T17:59:59 IST" duration-ms="72775">
    <groups>
    </groups>
    <test started-at="2022-06-22T17:58:46 IST" name="ChromeTest" finished-at="2022-06-22T17:59:17 IST" duration-ms="30750">
      <class name="com.obs.tests.TestLeafTest">
        <test-method is-config="true" signature="launch(java.lang.String)[pri:0, instance:com.obs.tests.TestLeafTest@3a44431a]" started-at="2022-06-22T17:58:46 IST" name="launch" finished-at="2022-06-22T17:59:06 IST" duration-ms="20313" status="PASS">
          <params>
            <param index="0">
              <value>
                <![CDATA[chrome]]>
              </value>
            </param>
          </params>
          <reporter-output>
          </reporter-output>
        </test-method> <!-- launch -->
        <test-method is-config="true" signature="invokeTestLeaf()[pri:0, instance:com.obs.tests.TestLeafTest@3a44431a]" started-at="2022-06-22T17:59:06 IST" name="invokeTestLeaf" finished-at="2022-06-22T17:59:06 IST" duration-ms="234" status="PASS">
          <reporter-output>
          </reporter-output>
        </test-method> <!-- invokeTestLeaf -->
        <test-method signature="verifyDragToXandY()[pri:22, instance:com.obs.tests.TestLeafTest@3a44431a]" started-at="2022-06-22T17:59:06 IST" name="verifyDragToXandY" finished-at="2022-06-22T17:59:13 IST" duration-ms="6177" status="PASS">
          <reporter-output>
          </reporter-output>
        </test-method> <!-- verifyDragToXandY -->
        <test-method is-config="true" signature="invokeTestLeaf()[pri:0, instance:com.obs.tests.TestLeafTest@3a44431a]" started-at="2022-06-22T17:59:13 IST" name="invokeTestLeaf" finished-at="2022-06-22T17:59:13 IST" duration-ms="4" status="PASS">
          <reporter-output>
          </reporter-output>
        </test-method> <!-- invokeTestLeaf -->
        <test-method signature="verifyRightClickOperation()[pri:23, instance:com.obs.tests.TestLeafTest@3a44431a]" started-at="2022-06-22T17:59:13 IST" name="verifyRightClickOperation" finished-at="2022-06-22T17:59:14 IST" duration-ms="964" status="PASS">
          <reporter-output>
          </reporter-output>
        </test-method> <!-- verifyRightClickOperation -->
        <test-method is-config="true" signature="invokeTestLeaf()[pri:0, instance:com.obs.tests.TestLeafTest@3a44431a]" started-at="2022-06-22T17:59:14 IST" name="invokeTestLeaf" finished-at="2022-06-22T17:59:14 IST" duration-ms="2" status="PASS">
          <reporter-output>
          </reporter-output>
        </test-method> <!-- invokeTestLeaf -->
        <test-method signature="verifyDoubleClickOperation()[pri:24, instance:com.obs.tests.TestLeafTest@3a44431a]" started-at="2022-06-22T17:59:14 IST" name="verifyDoubleClickOperation" finished-at="2022-06-22T17:59:14 IST" duration-ms="180" status="PASS">
          <reporter-output>
          </reporter-output>
        </test-method> <!-- verifyDoubleClickOperation -->
        <test-method is-config="true" signature="close()[pri:0, instance:com.obs.tests.TestLeafTest@3a44431a]" started-at="2022-06-22T17:59:14 IST" name="close" finished-at="2022-06-22T17:59:17 IST" duration-ms="2797" status="PASS">
          <reporter-output>
          </reporter-output>
        </test-method> <!-- close -->
      </class> <!-- com.obs.tests.TestLeafTest -->
    </test> <!-- ChromeTest -->
    <test started-at="2022-06-22T17:59:17 IST" name="EdgeTest" finished-at="2022-06-22T17:59:59 IST" duration-ms="41829">
      <class name="com.obs.tests.TestLeafTest">
        <test-method is-config="true" signature="launch(java.lang.String)[pri:0, instance:com.obs.tests.TestLeafTest@576d5deb]" started-at="2022-06-22T17:59:17 IST" name="launch" finished-at="2022-06-22T17:59:48 IST" duration-ms="31650" status="PASS">
          <params>
            <param index="0">
              <value>
                <![CDATA[edge]]>
              </value>
            </param>
          </params>
          <reporter-output>
          </reporter-output>
        </test-method> <!-- launch -->
        <test-method is-config="true" signature="invokeTestLeaf()[pri:0, instance:com.obs.tests.TestLeafTest@576d5deb]" started-at="2022-06-22T17:59:48 IST" name="invokeTestLeaf" finished-at="2022-06-22T17:59:48 IST" duration-ms="4" status="PASS">
          <reporter-output>
          </reporter-output>
        </test-method> <!-- invokeTestLeaf -->
        <test-method signature="verifyDragToXandY()[pri:22, instance:com.obs.tests.TestLeafTest@576d5deb]" started-at="2022-06-22T17:59:48 IST" name="verifyDragToXandY" finished-at="2022-06-22T17:59:54 IST" duration-ms="5599" status="PASS">
          <reporter-output>
          </reporter-output>
        </test-method> <!-- verifyDragToXandY -->
        <test-method is-config="true" signature="invokeTestLeaf()[pri:0, instance:com.obs.tests.TestLeafTest@576d5deb]" started-at="2022-06-22T17:59:54 IST" name="invokeTestLeaf" finished-at="2022-06-22T17:59:54 IST" duration-ms="4" status="PASS">
          <reporter-output>
          </reporter-output>
        </test-method> <!-- invokeTestLeaf -->
        <test-method signature="verifyRightClickOperation()[pri:23, instance:com.obs.tests.TestLeafTest@576d5deb]" started-at="2022-06-22T17:59:54 IST" name="verifyRightClickOperation" finished-at="2022-06-22T17:59:55 IST" duration-ms="1343" status="PASS">
          <reporter-output>
          </reporter-output>
        </test-method> <!-- verifyRightClickOperation -->
        <test-method is-config="true" signature="invokeTestLeaf()[pri:0, instance:com.obs.tests.TestLeafTest@576d5deb]" started-at="2022-06-22T17:59:55 IST" name="invokeTestLeaf" finished-at="2022-06-22T17:59:55 IST" duration-ms="2" status="PASS">
          <reporter-output>
          </reporter-output>
        </test-method> <!-- invokeTestLeaf -->
        <test-method signature="verifyDoubleClickOperation()[pri:24, instance:com.obs.tests.TestLeafTest@576d5deb]" started-at="2022-06-22T17:59:55 IST" name="verifyDoubleClickOperation" finished-at="2022-06-22T17:59:56 IST" duration-ms="170" status="PASS">
          <reporter-output>
          </reporter-output>
        </test-method> <!-- verifyDoubleClickOperation -->
        <test-method is-config="true" signature="close()[pri:0, instance:com.obs.tests.TestLeafTest@576d5deb]" started-at="2022-06-22T17:59:56 IST" name="close" finished-at="2022-06-22T17:59:59 IST" duration-ms="3043" status="PASS">
          <reporter-output>
          </reporter-output>
        </test-method> <!-- close -->
      </class> <!-- com.obs.tests.TestLeafTest -->
    </test> <!-- EdgeTest -->
  </suite> <!-- Suite -->
</testng-results>
